* using log directory ‘/Users/rverity/Dropbox/Bob/Work/My Programs/Sample design/DRpower/DRpower.Rcheck’
* using R version 4.1.1 (2021-08-10)
* using platform: x86_64-apple-darwin17.0 (64-bit)
* using session charset: UTF-8
* using option ‘--no-build-vignettes’
* checking for file ‘DRpower/DESCRIPTION’ ... OK
* checking extension type ... Package
* this is package ‘DRpower’ version ‘0.1.0’
* package encoding: UTF-8
* checking package namespace information ... OK
* checking package dependencies ... OK
* checking if this is a source package ... OK
* checking if there is a namespace ... OK
* checking for executable files ... OK
* checking for hidden files and directories ... OK
* checking for portable file names ... OK
* checking for sufficient/correct file permissions ... OK
* checking whether package ‘DRpower’ can be installed ... OK
* checking installed package size ... NOTE
  installed size is 16.5Mb
  sub-directories of 1Mb or more:
    data  16.1Mb
* checking package directory ... OK
* checking DESCRIPTION meta-information ... OK
* checking top-level files ... OK
* checking for left-over files ... OK
* checking index information ... OK
* checking package subdirectories ... OK
* checking R files for non-ASCII characters ... OK
* checking R files for syntax errors ... OK
* checking whether the package can be loaded ... OK
* checking whether the package can be loaded with stated dependencies ... OK
* checking whether the package can be unloaded cleanly ... OK
* checking whether the namespace can be loaded with stated dependencies ... OK
* checking whether the namespace can be unloaded cleanly ... OK
* checking dependencies in R code ... NOTE
Namespaces in Imports field not imported from:
  ‘ggplot2’ ‘kableExtra’ ‘pandoc’ ‘rlang’ ‘statmod’ ‘tidyr’
  All declared Imports should be used.
* checking S3 generic/method consistency ... OK
* checking replacement functions ... OK
* checking foreign function calls ... OK
* checking R code for possible problems ... OK
* checking Rd files ... OK
* checking Rd metadata ... OK
* checking Rd cross-references ... OK
* checking for missing documentation entries ... OK
* checking for code/documentation mismatches ... OK
* checking Rd \usage sections ... OK
* checking Rd contents ... OK
* checking for unstated dependencies in examples ... OK
* checking contents of ‘data’ directory ... OK
* checking data for non-ASCII characters ... NOTE
  Note: found 3 marked UTF-8 strings
* checking LazyData ... OK
* checking data for ASCII and uncompressed saves ... OK
* checking line endings in C/C++/Fortran sources/headers ... OK
* checking compiled code ... OK
* checking files in ‘vignettes’ ... WARNING
Files in the 'vignettes' directory but no files in 'inst/doc':
  ‘REFERENCES.bib’, ‘historical_analysis.Rmd’, ‘installation.Rmd’,
    ‘mathematical_details.Rmd’, ‘rationale1_background.Rmd’,
    ‘rationale2_issue.Rmd’, ‘rationale3_design_effect.Rmd’,
    ‘rationale4_weaknesses.Rmd’, ‘rationale5_bayesian.Rmd’,
    ‘rationale6_master_protocol.Rmd’, ‘rationale7_ztest.Rmd’,
    ‘rationale8_power.Rmd’, ‘summarise_prevalence.Rmd’,
    ‘tutorial_analysis.Rmd’, ‘tutorial_design.Rmd’
* checking examples ... OK
* checking for unstated dependencies in ‘tests’ ... OK
* checking tests ... OK
  Running ‘testthat.R’
* checking for unstated dependencies in vignettes ... OK
* checking package vignettes in ‘inst/doc’ ... WARNING
dir.exists(dir) is not TRUEdir.exists(dir) is not TRUEdir.exists(dir) is not TRUEdir.exists(dir) is not TRUEdir.exists(dir) is not TRUEdir.exists(dir) is not TRUEdir.exists(dir) is not TRUEdir.exists(dir) is not TRUEdir.exists(dir) is not TRUEdir.exists(dir) is not TRUEdir.exists(dir) is not TRUEdir.exists(dir) is not TRUEdir.exists(dir) is not TRUEdir.exists(dir) is not TRUE
Package vignettes without corresponding single PDF/HTML:
   ‘historical_analysis.Rmd’
   ‘mathematical_details.Rmd’
   ‘rationale8_power.Rmd’
   ‘summarise_prevalence.Rmd’
   ‘installation.Rmd’
   ‘rationale1_background.Rmd’
   ‘rationale2_issue.Rmd’
   ‘rationale3_design_effect.Rmd’
   ‘rationale4_weaknesses.Rmd’
   ‘rationale5_bayesian.Rmd’
   ‘rationale6_master_protocol.Rmd’
   ‘rationale7_ztest.Rmd’
   ‘tutorial_analysis.Rmd’
   ‘tutorial_design.Rmd’

* checking running R code from vignettes ... NONE
  ‘historical_analysis.Rmd’ using ‘UTF-8’... OK
  ‘mathematical_details.Rmd’ using ‘UTF-8’... OK
  ‘rationale8_power.Rmd’ using ‘UTF-8’... OK
  ‘summarise_prevalence.Rmd’ using ‘UTF-8’... OK
  ‘installation.Rmd’ using ‘UTF-8’... OK
  ‘rationale1_background.Rmd’ using ‘UTF-8’... OK
  ‘rationale2_issue.Rmd’ using ‘UTF-8’... OK
  ‘rationale3_design_effect.Rmd’ using ‘UTF-8’... OK
  ‘rationale4_weaknesses.Rmd’ using ‘UTF-8’... OK
  ‘rationale5_bayesian.Rmd’ using ‘UTF-8’... OK
  ‘rationale6_master_protocol.Rmd’ using ‘UTF-8’... OK
  ‘rationale7_ztest.Rmd’ using ‘UTF-8’... OK
  ‘tutorial_analysis.Rmd’ using ‘UTF-8’... OK
  ‘tutorial_design.Rmd’ using ‘UTF-8’... OK
* checking re-building of vignette outputs ... SKIPPED
* checking PDF version of manual ... OK
* DONE
Status: 2 WARNINGs, 3 NOTEs
