* installing *source* package ‘DRpower’ ...
** using staged installation
** libs
clang++ -mmacosx-version-min=10.13 -std=gnu++14 -I"/Library/Frameworks/R.framework/Resources/include" -DNDEBUG  -I'/Library/Frameworks/R.framework/Versions/4.1/Resources/library/Rcpp/include' -I/usr/local/include   -fPIC  -Wall -g -O2  -c RcppExports.cpp -o RcppExports.o
clang++ -mmacosx-version-min=10.13 -std=gnu++14 -I"/Library/Frameworks/R.framework/Resources/include" -DNDEBUG  -I'/Library/Frameworks/R.framework/Versions/4.1/Resources/library/Rcpp/include' -I/usr/local/include   -fPIC  -Wall -g -O2  -c adaptive_quadrature.cpp -o adaptive_quadrature.o
clang++ -mmacosx-version-min=10.13 -std=gnu++14 -I"/Library/Frameworks/R.framework/Resources/include" -DNDEBUG  -I'/Library/Frameworks/R.framework/Versions/4.1/Resources/library/Rcpp/include' -I/usr/local/include   -fPIC  -Wall -g -O2  -c main.cpp -o main.o
clang++ -mmacosx-version-min=10.13 -std=gnu++14 -I"/Library/Frameworks/R.framework/Resources/include" -DNDEBUG  -I'/Library/Frameworks/R.framework/Versions/4.1/Resources/library/Rcpp/include' -I/usr/local/include   -fPIC  -Wall -g -O2  -c misc_v16.cpp -o misc_v16.o
clang++ -mmacosx-version-min=10.13 -std=gnu++14 -dynamiclib -Wl,-headerpad_max_install_names -undefined dynamic_lookup -single_module -multiply_defined suppress -L/Library/Frameworks/R.framework/Resources/lib -L/usr/local/lib -o DRpower.so RcppExports.o adaptive_quadrature.o main.o misc_v16.o -F/Library/Frameworks/R.framework/.. -framework R -Wl,-framework -Wl,CoreFoundation
installing to /Users/rverity/Dropbox/Bob/Work/My Programs/Sample design/DRpower/DRpower.Rcheck/00LOCK-DRpower/00new/DRpower/libs
** R
** data
*** moving datasets to lazyload DB
** byte-compile and prepare package for lazy loading
** help
*** installing help indices
** building package indices
** installing vignettes
** testing if installed package can be loaded from temporary location
** checking absolute paths in shared objects and dynamic libraries
** testing if installed package can be loaded from final location
** testing if installed package keeps a record of temporary installation path
* DONE (DRpower)
