Hmm ... looks like a package
Error in texi2dvi(file = file, pdf = TRUE, clean = clean, quiet = quiet,  : 
  Running 'texi2dvi' on 'Rd2.tex' failed.
Messages:
/usr/local/bin/texi2dvi: makeindex failed
Output:
This is pdfTeX, Version 3.141592653-2.6-1.40.24 (TeX Live 2022) (preloaded format=pdflatex)
 restricted \write18 enabled.
entering extended mode
LaTeX2e <2021-11-15> patch level 1
L3 programming layer <2022-06-02>
(./Rd2.tex
(/Users/rverity/Library/TinyTeX/texmf-dist/tex/latex/base/book.cls
Document Class: book 2021/10/04 v1.4n Standard LaTeX document class
(/Users/rverity/Library/TinyTeX/texmf-dist/tex/latex/base/bk10.clo)) (/Library/Frameworks/R.framework/Resources/share/texmf/tex/latex/Rd.sty (/Users/rverity/Library/TinyTeX/texmf-dist/tex/latex/base/ifthen.sty) (/Users/rverity/Library/TinyTeX/texmf-dist/tex/latex/tools/longtable.sty) (/Users/rverity/Library/TinyTeX/texmf-dist/tex/latex/tools/bm.sty) (/Users/rverity/Library/TinyTeX/texmf-dist/tex/latex/base/alltt.sty) (/Users/rverity/Library/TinyTeX/texmf-dist/tex/latex/tools/verbatim.sty) (/Users/rverity/Library/TinyTeX/texmf-dist/tex/latex/url/url.sty) (/Users/rverity/Library/TinyTeX/texmf-dist/tex/latex/base/textcomp.sty) (/Users/rverity/Library/TinyTeX/texmf-dist/tex/latex/base/fontenc.sty) (/Users/rverity/Library/TinyTeX/texmf-dist/tex/latex/psnfss/times.sty) (/Users/rverity/Library/TinyTeX/texmf-dist/tex/latex/inconsolata/zi4.sty `inconsolata-zi4' v1.12, 2019/05/17 Text macros for Inconsolata (msharpe) (/Users/rverity/Library/TinyTeX/texmf-dist/tex/latex/xkeyval/xkeyval.sty (/Users/rverity/Library/TinyTeX/texmf-dist/tex/generic/xkeyval/xkeyval.tex (/Users/rverity/Library/TinyTeX/texmf-dist/tex/generic/xkeyval/xkvutils.tex (/Users/rverity/Library/TinyTeX/texmf-dist/tex/generic/xkeyval/keyval.tex))))) (/Users/rverity/Library/TinyTeX/texmf-dist/tex/latex/graphics/color.sty (/Users/rverity/Library/TinyTeX/texmf-dist/tex/latex/graphics-cfg/color.cfg) (/Users/rverity/Library/TinyTeX/texmf-dist/tex/latex/graphics-def/pdftex.def)) (/Users/rverity/Library/TinyTeX/texmf-dist/tex/latex/hyperref/hyperref.sty (/Users/rverity/Library/TinyTeX/texmf-dist/tex/generic/ltxcmds/ltxcmds.sty) (/Users/rverity/Library/TinyTeX/texmf-dist/tex/generic/iftex/iftex.sty) (/Users/rverity/Library/TinyTeX/texmf-dist/tex/generic/pdftexcmds/pdftexcmds.sty (/Users/rverity/Library/TinyTeX/texmf-dist/tex/generic/infwarerr/infwarerr.sty)) (/Users/rverity/Library/TinyTeX/texmf-dist/tex/generic/kvsetkeys/kvsetkeys.sty) (/Users/rverity/Library/TinyTeX/texmf-dist/tex/generic/kvdefinekeys/kvdefinekeys.sty) (/Users/rverity/Library/TinyTeX/texmf-dist/tex/generic/pdfescape/pdfescape.sty) (/Users/rverity/Library/TinyTeX/texmf-dist/tex/latex/hycolor/hycolor.sty) (/Users/rverity/Library/TinyTeX/texmf-dist/tex/latex/letltxmacro/letltxmacro.sty) (/Users/rverity/Library/TinyTeX/texmf-dist/tex/latex/auxhook/auxhook.sty) (/Users/rverity/Library/TinyTeX/texmf-dist/tex/latex/hyperref/nameref.sty (/Users/rverity/Library/TinyTeX/texmf-dist/tex/latex/refcount/refcount.sty) (/Users/rverity/Library/TinyTeX/texmf-dist/tex/generic/gettitlestring/gettitlestring.sty (/Users/rverity/Library/TinyTeX/texmf-dist/tex/latex/kvoptions/kvoptions.sty))) (/Users/rverity/Library/TinyTeX/texmf-dist/tex/latex/hyperref/pd1enc.def) (/Users/rverity/Library/TinyTeX/texmf-dist/tex/generic/intcalc/intcalc.sty) (/Users/rverity/Library/TinyTeX/texmf-dist/tex/generic/etexcmds/etexcmds.sty) (/Users/rverity/Library/TinyTeX/texmf-dist/tex/latex/hyperref/puenc.def) (/Users/rverity/Library/TinyTeX/texmf-dist/tex/generic/bitset/bitset.sty (/Users/rverity/Library/TinyTeX/texmf-dist/tex/generic/bigintcalc/bigintcalc.sty)) (/Users/rverity/Library/TinyTeX/texmf-dist/tex/latex/base/atbegshi-ltx.sty)) (/Users/rverity/Library/TinyTeX/texmf-dist/tex/latex/hyperref/hpdftex.def (/Users/rverity/Library/TinyTeX/texmf-dist/tex/latex/base/atveryend-ltx.sty) (/Users/rverity/Library/TinyTeX/texmf-dist/tex/latex/rerunfilecheck/rerunfilecheck.sty (/Users/rverity/Library/TinyTeX/texmf-dist/tex/generic/uniquecounter/uniquecounter.sty)))

Package hyperref Warning: Option `hyperindex' has already been used,
(hyperref)                setting the option has no effect on input line 377.


Package hyperref Warning: Option `pagebackref' has already been used,
(hyperref)                setting the option has no effect on input line 377.

) (/Users/rverity/Library/TinyTeX/texmf-dist/tex/latex/base/makeidx.sty) (/Users/rverity/Library/TinyTeX/texmf-dist/tex/latex/base/inputenc.sty)
Writing index file Rd2.idx
(/Users/rverity/Library/TinyTeX/texmf-dist/tex/latex/psnfss/t1ptm.fd) (/Users/rverity/Library/TinyTeX/texmf-dist/tex/latex/l3backend/l3backend-pdftex.def)
No file Rd2.aux.
(/Users/rverity/Library/TinyTeX/texmf-dist/tex/latex/inconsolata/t1zi4.fd) (/Users/rverity/Library/TinyTeX/texmf-dist/tex/latex/psnfss/t1phv.fd)
No file Rd2.toc.
[1{/Users/rverity/Library/TinyTeX/texmf-var/fonts/map/pdftex/updmap/pdftex.map}] [2] [3]
Overfull \hbox (23.26845pt too wide) in paragraph at lines 173--180
\T1/ptm/m/n/10 tri-bu-tion to-wards 1, in-creas-ing the sec-ond shape pa-ram-e-ter (e.g. \T1/zi4/m/n/10 prior_prev_shape2\T1/ptm/m/n/10 )
[4]
Overfull \hbox (23.26845pt too wide) in paragraph at lines 265--272
\T1/ptm/m/n/10 tri-bu-tion to-wards 1, in-creas-ing the sec-ond shape pa-ram-e-ter (e.g. \T1/zi4/m/n/10 prior_prev_shape2\T1/ptm/m/n/10 )
[5] (/Users/rverity/Library/TinyTeX/texmf-dist/tex/latex/psnfss/ts1ptm.fd)
Overfull \hbox (19.73799pt too wide) in paragraph at lines 294--296
[]\T1/ptm/m/n/10 a vec-tor of breaks at which to eval-u-ate the full pos-te-rior dis-tri-bu-tion (if \T1/zi4/m/n/10 post_full_on
[6] [7]
Overfull \hbox (23.26845pt too wide) in paragraph at lines 429--436
\T1/ptm/m/n/10 tri-bu-tion to-wards 1, in-creas-ing the sec-ond shape pa-ram-e-ter (e.g. \T1/zi4/m/n/10 prior_prev_shape2\T1/ptm/m/n/10 )
[8]
Overfull \hbox (14.28886pt too wide) in paragraph at lines 455--457
[]\T1/ptm/m/n/10 Analyse data us-ing \T1/zi4/m/n/10 get_prevalence() \T1/ptm/m/n/10 to de-ter-mine the prob-a-bil-ity of be-ing above \T1/zi4/m/n/10 prev_thresh\T1/ptm/m/n/10 . 
[9]
No file Rd2.ind.
[10] (/private/var/folders/92/3kkkybvx0fvbjdq8p33j08nw0000gp/T/RtmpPczPQX/Rd2pdf7e744051dbea/Rd2.aux)

Package rerunfilecheck Warning: File `Rd2.out' has changed.
(rerunfilecheck)                Rerun to get outlines right
(rerunfilecheck)                or use package `bookmark'.

 )
(see the transcript file for additional information){/Users/rverity/Library/TinyTeX/texmf-dist/fonts/enc/dvips/base/8r.enc}{/Users/rverity/Library/TinyTeX/texmf-dist/fonts/enc/dvips/inconsolata/i4-t1-0.enc}</Users/rverity/Library/TinyTeX/texmf-dist/fonts/type1/public/inconsolata/Inconsolata-zi4r.pfb></Users/rverity/Library/TinyTeX/texmf-dist/fonts/type1/urw/helvetic/uhvr8a.pfb></Users/rverity/Library/TinyTeX/texmf-dist/fonts/type1/urw/times/utmb8a.pfb></Users/rverity/Library/TinyTeX/texmf-dist/fonts/type1/urw/times/utmr8a.pfb></Users/rverity/Library/TinyTeX/texmf-dist/fonts/type1/urw/times/utmr8a.pfb></Users/rverity/Library/TinyTeX/texmf-dist/fonts/type1/urw/times/utmri8a.pfb>
Output written on Rd2.pdf (10 pages, 101510 bytes).
Transcript written on Rd2.log.
This is pdfTeX, Version 3.141592653-2.6-1.40.24 (TeX Live 2022) (preloaded format=pdflatex)
 restricted \write18 enabled.
entering extended mode
LaTeX2e <2021-11-15> patch level 1
L3 programming layer <2022-06-02>
(./Rd2.tex
(/Users/rverity/Library/TinyTeX/texmf-dist/tex/latex/base/book.cls
Document Class: book 2021/10/04 v1.4n Standard LaTeX document class
(/Users/rverity/Library/TinyTeX/texmf-dist/tex/latex/base/bk10.clo)) (/Library/Frameworks/R.framework/Resources/share/texmf/tex/latex/Rd.sty (/Users/rverity/Library/TinyTeX/texmf-dist/tex/latex/base/ifthen.sty) (/Users/rverity/Library/TinyTeX/texmf-dist/tex/latex/tools/longtable.sty) (/Users/rverity/Library/TinyTeX/texmf-dist/tex/latex/tools/bm.sty) (/Users/rverity/Library/TinyTeX/texmf-dist/tex/latex/base/alltt.sty) (/Users/rverity/Library/TinyTeX/texmf-dist/tex/latex/tools/verbatim.sty) (/Users/rverity/Library/TinyTeX/texmf-dist/tex/latex/url/url.sty) (/Users/rverity/Library/TinyTeX/texmf-dist/tex/latex/base/textcomp.sty) (/Users/rverity/Library/TinyTeX/texmf-dist/tex/latex/base/fontenc.sty) (/Users/rverity/Library/TinyTeX/texmf-dist/tex/late

This is pdfTeX, Version 3.141592653-2.6-1.40.24 (TeX Live 2022) (preloaded format=pdflatex)
 restricted \write18 enabled.
entering extended mode
LaTeX2e <2021-11-15> patch level 1
L3 programming layer <2022-06-02>
(./Rd2.tex
(/Users/rverity/Library/TinyTeX/texmf-dist/tex/latex/base/book.cls
Document Class: book 2021/10/04 v1.4n Standard LaTeX document class
(/Users/rverity/Library/TinyTeX/texmf-dist/tex/latex/base/bk10.clo)) (/Library/Frameworks/R.framework/Resources/share/texmf/tex/latex/Rd.sty (/Users/rverity/Library/TinyTeX/texmf-dist/tex/latex/base/ifthen.sty) (/Users/rverity/Library/TinyTeX/texmf-dist/tex/latex/tools/longtable.sty) (/Users/rverity/Library/TinyTeX/texmf-dist/tex/latex/tools/bm.sty) (/Users/rverity/Library/TinyTeX/texmf-dist/tex/latex/base/alltt.sty) (/Users/rverity/Library/TinyTeX/texmf-dist/tex/latex/tools/verbatim.sty) (/Users/rverity/Library/TinyTeX/texmf-dist/tex/latex/url/url.sty) (/Users/rverity/Library/TinyTeX/texmf-dist/tex/latex/base/textcomp.sty) (/Users/rverity/Library/TinyTeX/texmf-dist/tex/latex/base/fontenc.sty) (/Users/rverity/Library/TinyTeX/texmf-dist/tex/latex/psnfss/times.sty) (/Users/rverity/Library/TinyTeX/texmf-dist/tex/latex/inconsolata/zi4.sty `inconsolata-zi4' v1.12, 2019/05/17 Text macros for Inconsolata (msharpe) (/Users/rverity/Library/TinyTeX/texmf-dist/tex/latex/xkeyval/xkeyval.sty (/Users/rverity/Library/TinyTeX/texmf-dist/tex/generic/xkeyval/xkeyval.tex (/Users/rverity/Library/TinyTeX/texmf-dist/tex/generic/xkeyval/xkvutils.tex (/Users/rverity/Library/TinyTeX/texmf-dist/tex/generic/xkeyval/keyval.tex))))) (/Users/rverity/Library/TinyTeX/texmf-dist/tex/latex/graphics/color.sty (/Users/rverity/Library/TinyTeX/texmf-dist/tex/latex/graphics-cfg/color.cfg) (/Users/rverity/Library/TinyTeX/texmf-dist/tex/latex/graphics-def/pdftex.def)) (/Users/rverity/Library/TinyTeX/texmf-dist/tex/latex/hyperref/hyperref.sty (/Users/rverity/Library/TinyTeX/texmf-dist/tex/generic/ltxcmds/ltxcmds.sty) (/Users/rverity/Library/TinyTeX/texmf-dist/tex/generic/iftex/iftex.sty) (/Users/rverity/Library/TinyTeX/texmf-dist/tex/generic/pdftexcmds/pdftexcmds.sty (/Users/rverity/Library/TinyTeX/texmf-dist/tex/generic/infwarerr/infwarerr.sty)) (/Users/rverity/Library/TinyTeX/texmf-dist/tex/generic/kvsetkeys/kvsetkeys.sty) (/Users/rverity/Library/TinyTeX/texmf-dist/tex/generic/kvdefinekeys/kvdefinekeys.sty) (/Users/rverity/Library/TinyTeX/texmf-dist/tex/generic/pdfescape/pdfescape.sty) (/Users/rverity/Library/TinyTeX/texmf-dist/tex/latex/hycolor/hycolor.sty) (/Users/rverity/Library/TinyTeX/texmf-dist/tex/latex/letltxmacro/letltxmacro.sty) (/Users/rverity/Library/TinyTeX/texmf-dist/tex/latex/auxhook/auxhook.sty) (/Users/rverity/Library/TinyTeX/texmf-dist/tex/latex/hyperref/nameref.sty (/Users/rverity/Library/TinyTeX/texmf-dist/tex/latex/refcount/refcount.sty) (/Users/rverity/Library/TinyTeX/texmf-dist/tex/generic/gettitlestring/gettitlestring.sty (/Users/rverity/Library/TinyTeX/texmf-dist/tex/latex/kvoptions/kvoptions.sty))) (/Users/rverity/Library/TinyTeX/texmf-dist/tex/latex/hyperref/pd1enc.def) (/Users/rverity/Library/TinyTeX/texmf-dist/tex/generic/intcalc/intcalc.sty) (/Users/rverity/Library/TinyTeX/texmf-dist/tex/generic/etexcmds/etexcmds.sty) (/Users/rverity/Library/TinyTeX/texmf-dist/tex/latex/hyperref/puenc.def) (/Users/rverity/Library/TinyTeX/texmf-dist/tex/generic/bitset/bitset.sty (/Users/rverity/Library/TinyTeX/texmf-dist/tex/generic/bigintcalc/bigintcalc.sty)) (/Users/rverity/Library/TinyTeX/texmf-dist/tex/latex/base/atbegshi-ltx.sty)) (/Users/rverity/Library/TinyTeX/texmf-dist/tex/latex/hyperref/hpdftex.def (/Users/rverity/Library/TinyTeX/texmf-dist/tex/latex/base/atveryend-ltx.sty) (/Users/rverity/Library/TinyTeX/texmf-dist/tex/latex/rerunfilecheck/rerunfilecheck.sty (/Users/rverity/Library/TinyTeX/texmf-dist/tex/generic/uniquecounter/uniquecounter.sty)))

Package hyperref Warning: Option `hyperindex' has already been used,
(hyperref)                setting the option has no effect on input line 377.


Package hyperref Warning: Option `pagebackref' has already been used,
(hyperref)                setting the option has no effect on input line 377.

) (/Users/rverity/Library/TinyTeX/texmf-dist/tex/latex/base/makeidx.sty) (/Users/rverity/Library/TinyTeX/texmf-dist/tex/latex/base/inputenc.sty)
Writing index file Rd2.idx
(/Users/rverity/Library/TinyTeX/texmf-dist/tex/latex/psnfss/t1ptm.fd) (/Users/rverity/Library/TinyTeX/texmf-dist/tex/latex/l3backend/l3backend-pdftex.def) (/private/var/folders/92/3kkkybvx0fvbjdq8p33j08nw0000gp/T/RtmpPczPQX/Rd2pdf7e744051dbea/Rd2.aux) (/private/var/folders/92/3kkkybvx0fvbjdq8p33j08nw0000gp/T/RtmpPczPQX/Rd2pdf7e744051dbea/Rd2.out) (/private/var/folders/92/3kkkybvx0fvbjdq8p33j08nw0000gp/T/RtmpPczPQX/Rd2pdf7e744051dbea/Rd2.out) (/Users/rverity/Library/TinyTeX/texmf-dist/tex/latex/inconsolata/t1zi4.fd) (/Users/rverity/Library/TinyTeX/texmf-dist/tex/latex/psnfss/t1phv.fd) (/private/var/folders/92/3kkkybvx0fvbjdq8p33j08nw0000gp/T/RtmpPczPQX/Rd2pdf7e744051dbea/Rd2.toc [1{/Users/rverity/Library/TinyTeX/texmf-var/fonts/map/pdftex/updmap/pdftex.map}]) [2] [3]
Overfull \hbox (23.26845pt too wide) in paragraph at lines 173--180
\T1/ptm/m/n/10 tri-bu-tion to-wards 1, in-creas-ing the sec-ond shape pa-ram-e-ter (e.g. \T1/zi4/m/n/10 prior_prev_shape2\T1/ptm/m/n/10 )
[4]
Overfull \hbox (23.26845pt too wide) in paragraph at lines 265--272
\T1/ptm/m/n/10 tri-bu-tion to-wards 1, in-creas-ing the sec-ond shape pa-ram-e-ter (e.g. \T1/zi4/m/n/10 prior_prev_shape2\T1/ptm/m/n/10 )
[5] (/Users/rverity/Library/TinyTeX/texmf-dist/tex/latex/psnfss/ts1ptm.fd)
Overfull \hbox (19.73799pt too wide) in paragraph at lines 294--296
[]\T1/ptm/m/n/10 a vec-tor of breaks at which to eval-u-ate the full pos-te-rior dis-tri-bu-tion (if \T1/zi4/m/n/10 post_full_on
[6] [7]
Overfull \hbox (23.26845pt too wide) in paragraph at lines 429--436
\T1/ptm/m/n/10 tri-bu-tion to-wards 1, in-creas-ing the sec-ond shape pa-ram-e-ter (e.g. \T1/zi4/m/n/10 prior_prev_shape2\T1/ptm/m/n/10 )
[8]
Overfull \hbox (14.28886pt too wide) in paragraph at lines 455--457
[]\T1/ptm/m/n/10 Analyse data us-ing \T1/zi4/m/n/10 get_prevalence() \T1/ptm/m/n/10 to de-ter-mine the prob-a-bil-ity of be-ing above \T1/zi4/m/n/10 prev_thresh\T1/ptm/m/n/10 . 
[9]
No file Rd2.ind.
[10] (/private/var/folders/92/3kkkybvx0fvbjdq8p33j08nw0000gp/T/RtmpPczPQX/Rd2pdf7e744051dbea/Rd2.aux) )
(see the transcript file for additional information){/Users/rverity/Library/TinyTeX/texmf-dist/fonts/enc/dvips/base/8r.enc}{/Users/rverity/Library/TinyTeX/texmf-dist/fonts/enc/dvips/inconsolata/i4-t1-0.enc}</Users/rverity/Library/TinyTeX/texmf-dist/fonts/type1/public/inconsolata/Inconsolata-zi4r.pfb></Users/rverity/Library/TinyTeX/texmf-dist/fonts/type1/urw/helvetic/uhvr8a.pfb></Users/rverity/Library/TinyTeX/texmf-dist/fonts/type1/urw/times/utmb8a.pfb></Users/rverity/Library/TinyTeX/texmf-dist/fonts/type1/urw/times/utmr8a.pfb></Users/rverity/Library/TinyTeX/texmf-dist/fonts/type1/urw/times/utmr8a.pfb></Users/rverity/Library/TinyTeX/texmf-dist/fonts/type1/urw/times/utmri8a.pfb>
Output written on Rd2.pdf (10 pages, 102921 bytes).
Transcript written on Rd2.log.
Saving output to ‘DRpower-manual.pdf’ ...
Done
You may want to clean up by 'rm -Rf /var/folders/92/3kkkybvx0fvbjdq8p33j08nw0000gp/T//RtmpPczPQX/Rd2pdf7e744051dbea'
